24-03-2023 	 16:53:36	TypeError	User.create(...).lean is not a function	POST	/auth/user/login-with-google	http://localhost:3000
24-03-2023 	 16:52:50	TypeError	Cannot read properties of null (reading 'active')	GET	/cart/cart-history	http://localhost:3000
24-03-2023 	 16:52:38	TypeError	Cannot read properties of null (reading 'active')	GET	/cart/cart-history	http://localhost:3000
24-03-2023 	 16:52:38	TypeError	Cannot read properties of null (reading 'active')	GET	/cart/cart-history	http://localhost:3000
24-03-2023 	 16:52:29	TypeError	Cannot read properties of null (reading 'active')	POST	/cart/add-to-cart	http://localhost:3000
24-03-2023 	 16:52:21	TypeError	Cannot read properties of null (reading 'active')	GET	/cart/cart-history	http://localhost:3000
24-03-2023 	 16:52:17	TypeError	Cannot read properties of null (reading 'active')	GET	/cart/cart-history	http://localhost:3000
24-03-2023 	 16:52:17	TypeError	Cannot read properties of null (reading 'active')	GET	/cart/cart-history	http://localhost:3000
24-03-2023 	 16:52:13	TypeError	Cannot read properties of null (reading 'active')	POST	/cart/add-to-cart	http://localhost:3000
24-03-2023 	 16:52:09	TypeError	Cannot read properties of null (reading 'active')	GET	/cart/cart-history	http://localhost:3000
24-03-2023 	 15:47:22	JsonWebTokenError	jwt malformed	GET	/user/profile	http://localhost:3000
24-03-2023 	 15:47:22	JsonWebTokenError	jwt malformed	GET	/user/profile	http://localhost:3000
24-03-2023 	 15:47:08	JsonWebTokenError	jwt malformed	GET	/user/profile	http://localhost:3000
24-03-2023 	 15:47:08	JsonWebTokenError	jwt malformed	GET	/user/profile	http://localhost:3000
24-03-2023 	 15:43:34	JsonWebTokenError	jwt malformed	GET	/user/profile	http://localhost:3000
24-03-2023 	 15:43:34	JsonWebTokenError	jwt malformed	GET	/user/profile	http://localhost:3000
24-03-2023 	 15:35:20	JsonWebTokenError	jwt malformed	PUT	/user/profile-update	http://localhost:3000
24-03-2023 	 15:34:53	JsonWebTokenError	jwt malformed	PUT	/user/profile-update	http://localhost:3000
24-03-2023 	 15:34:14	JsonWebTokenError	jwt malformed	GET	/user/profile	http://localhost:3000
24-03-2023 	 15:34:10	JsonWebTokenError	jwt malformed	GET	/cart/cart-history	http://localhost:3000
24-03-2023 	 15:34:10	JsonWebTokenError	jwt malformed	GET	/cart/cart-history	http://localhost:3000
24-03-2023 	 15:33:58	JsonWebTokenError	jwt malformed	GET	/cart/cart-history	http://localhost:3000
24-03-2023 	 15:33:58	JsonWebTokenError	jwt malformed	GET	/cart/cart-history	http://localhost:3000
24-03-2023 	 15:33:48	JsonWebTokenError	jwt malformed	PUT	/user/profile-update	http://localhost:3000
24-03-2023 	 15:33:47	JsonWebTokenError	jwt malformed	PUT	/user/profile-update	http://localhost:3000
24-03-2023 	 15:33:47	JsonWebTokenError	jwt malformed	PUT	/user/profile-update	http://localhost:3000
24-03-2023 	 15:33:30	JsonWebTokenError	jwt malformed	GET	/user/profile	http://localhost:3000
24-03-2023 	 15:33:30	JsonWebTokenError	jwt malformed	GET	/user/profile	http://localhost:3000
24-03-2023 	 15:33:22	JsonWebTokenError	jwt malformed	PUT	/user/profile-update	http://localhost:3000
24-03-2023 	 15:33:17	JsonWebTokenError	jwt malformed	GET	/user/profile	http://localhost:3000
24-03-2023 	 15:32:46	TypeError	User.create(...).lean is not a function	POST	/auth/user/login-with-google	http://localhost:3000
24-03-2023 	 15:31:07	TypeError	Cannot read properties of null (reading 'active')	POST	/auth/user/login-with-google	http://localhost:3000
24-03-2023 	 14:51:30	ValidationError	order validation failed: paymentMode: `COD` is not a valid enum value for path `paymentMode`.	POST	/order/order-place	http://localhost:3000
22-03-2023 	 15:12:02	TokenExpiredError	jwt expired	GET	/employee/users	http://localhost:3000
22-03-2023 	 15:11:29	TokenExpiredError	jwt expired	GET	/employee/users	http://localhost:3000
22-03-2023 	 15:11:25	TokenExpiredError	jwt expired	GET	/employee/users	http://localhost:3000
22-03-2023 	 15:11:11	TokenExpiredError	jwt expired	GET	/employee/users	http://localhost:3000
22-03-2023 	 15:11:01	TokenExpiredError	jwt expired	GET	/employee/users	http://localhost:3000
22-03-2023 	 15:10:24	TokenExpiredError	jwt expired	GET	/employee/users	http://localhost:3000
22-03-2023 	 15:03:51	TokenExpiredError	jwt expired	GET	/employee/users	http://localhost:3000
20-03-2023 	 17:05:41	CastError	Cast to ObjectId failed for value "undefined" (type string) at path "_id" for model "product"	PUT	/products/update-product/undefined	http://localhost:3000
20-03-2023 	 17:03:33	CastError	Cast to ObjectId failed for value "undefined" (type string) at path "_id" for model "product"	PUT	/products/update-product/undefined	http://localhost:3000
20-03-2023 	 17:01:18	CastError	Cast to ObjectId failed for value "undefined" (type string) at path "_id" for model "product"	PUT	/products/update-product/undefined	http://localhost:3000
20-03-2023 	 16:59:32	CastError	Cast to ObjectId failed for value "undefined" (type string) at path "_id" for model "product"	PUT	/products/update-product/undefined	http://localhost:3000
20-03-2023 	 16:47:54	CastError	Cast to ObjectId failed for value "undefined" (type string) at path "_id" for model "product"	PUT	/products/update-product/undefined	http://localhost:3000
20-03-2023 	 16:46:58	CastError	Cast to ObjectId failed for value "undefined" (type string) at path "_id" for model "product"	PUT	/products/update-product/undefined	http://localhost:3000
20-03-2023 	 16:34:07	CastError	Cast to ObjectId failed for value "undefined" (type string) at path "_id" for model "product"	PUT	/products/update-product/undefined	http://localhost:3000
18-03-2023 	 17:00:15	CastError	Cast to ObjectId failed for value "undefined" (type string) at path "_id" for model "product"	PUT	/products/update-product/undefined	http://localhost:3000
18-03-2023 	 16:27:08	CastError	Cast to ObjectId failed for value "undefined" (type string) at path "_id" for model "product"	PUT	/products/update-product/undefined	http://localhost:3000
18-03-2023 	 15:34:09	CastError	Cast to ObjectId failed for value "undefined" (type string) at path "_id" for model "product"	PUT	/products/update-product-image/undefined	http://localhost:3000
18-03-2023 	 14:13:55	CastError	Cast to [string] failed for value "[ { '0': {}, '1': {} } ]" (type string) at path "image.0" because of "CastError"	PUT	/products/update-product/64144ef1097978cb3c71333e	http://localhost:3000
18-03-2023 	 14:12:06	CastError	Cast to [string] failed for value "[ { '0': {}, '1': {} } ]" (type string) at path "image.0" because of "CastError"	PUT	/products/update-product/64144ef1097978cb3c71333e	http://localhost:3000
17-03-2023 	 16:40:42	TokenExpiredError	jwt expired	DELETE	/cart/destroy-cart	undefined
15-03-2023 	 17:40:06	JsonWebTokenError	invalid token	POST	/products/add-product	http://localhost:3000
15-03-2023 	 17:36:16	JsonWebTokenError	invalid token	POST	/products/add-product	http://localhost:3000
15-03-2023 	 17:28:03	JsonWebTokenError	invalid token	POST	/products/add-product	http://localhost:3000
15-03-2023 	 17:23:56	JsonWebTokenError	invalid token	POST	/products/add-product	http://localhost:3000
15-03-2023 	 17:17:47	ReferenceError	tpken is not defined	POST	/products/add-product	http://localhost:3000
13-03-2023 	 13:06:30	Error	Cannot set headers after they are sent to the client	PUT	/auth/user/reset-password/64041ac3bf827dff0c45a868	http://localhost:3000
13-03-2023 	 13:01:09	Error	Cannot set headers after they are sent to the client	PUT	/auth/user/reset-password/64041ac3bf827dff0c45a868	http://localhost:3000
13-03-2023 	 13:00:56	Error	Illegal arguments: string, undefined	PUT	/auth/user/reset-password/64041ac3bf827dff0c45a868	http://localhost:3000
13-03-2023 	 12:56:09	Error	Cannot set headers after they are sent to the client	PUT	/auth/user/reset-password/64041ac3bf827dff0c45a868	http://localhost:3000
13-03-2023 	 12:52:45	Error	Cannot set headers after they are sent to the client	PUT	/auth/user/reset-password/64041ac3bf827dff0c45a868	http://localhost:3000
13-03-2023 	 12:52:22	Error	Cannot set headers after they are sent to the client	POST	/auth/user/forget-password	http://localhost:3000
13-03-2023 	 12:51:00	Error	Cannot set headers after they are sent to the client	PUT	/auth/user/reset-password/64041ac3bf827dff0c45a868	http://localhost:3000
13-03-2023 	 12:43:46	Error	Cannot set headers after they are sent to the client	PUT	/auth/user/reset-password/64041ac3bf827dff0c45a868	http://localhost:3000
13-03-2023 	 12:40:05	MongoServerError	Plan executor error during findAndModify :: caused by :: Performing an update on the path '_id' would modify the immutable field '_id'	PUT	/auth/user/reset-password/64041ac3bf827dff0c45a868	http://localhost:3000
13-03-2023 	 12:39:26	MongoServerError	Plan executor error during findAndModify :: caused by :: Performing an update on the path '_id' would modify the immutable field '_id'	PUT	/auth/user/reset-password/64041ac3bf827dff0c45a868	http://localhost:3000
13-03-2023 	 12:38:32	ObjectParameterError	Parameter "filter" to findOne() must be an object, got 64041ac3bf827dff0c45a868	PUT	/auth/user/reset-password/64041ac3bf827dff0c45a868	http://localhost:3000
13-03-2023 	 12:36:58	ObjectParameterError	Parameter "filter" to findOne() must be an object, got 64041ac3bf827dff0c45a868	PUT	/auth/user/reset-password/64041ac3bf827dff0c45a868	http://localhost:3000
13-03-2023 	 12:34:57	Error	Cannot set headers after they are sent to the client	PUT	/auth/user/reset-password/64041ac3bf827dff0c45a868	http://localhost:3000
13-03-2023 	 12:26:51	Error	Cannot set headers after they are sent to the client	POST	/auth/user/forget-password	http://localhost:3000
12-03-2023 	 22:05:45	Error	Cannot set headers after they are sent to the client	POST	/auth/user/forget-password	http://localhost:3000
11-03-2023 	 17:45:02	Error	Cannot set headers after they are sent to the client	POST	/auth/user/forget-password	http://localhost:3000
11-03-2023 	 17:38:01	Error	Cannot set headers after they are sent to the client	POST	/auth/user/forget-password	http://localhost:3000
11-03-2023 	 17:20:10	Error	Cannot set headers after they are sent to the client	POST	/auth/user/forget-password	http://localhost:3000
11-03-2023 	 17:18:25	Error	Cannot set headers after they are sent to the client	POST	/auth/user/forget-password	http://localhost:3000
11-03-2023 	 17:17:53	Error	Cannot set headers after they are sent to the client	POST	/auth/user/forget-password	http://localhost:3000
11-03-2023 	 17:14:26	Error	Cannot set headers after they are sent to the client	POST	/auth/user/forget-password	http://localhost:3000
11-03-2023 	 15:34:19	TypeError	User.create(...).lean is not a function	POST	/auth/user/login-with-google	http://localhost:3000
11-03-2023 	 15:33:20	Error	Illegal arguments: number, number	POST	/auth/user/login-with-google	http://localhost:3000
11-03-2023 	 15:32:54	Error	Illegal arguments: number, number	POST	/auth/user/login-with-google	http://localhost:3000
09-03-2023 	 14:18:11	TokenExpiredError	jwt expired	GET	/cart/cart-history	http://localhost:3000
09-03-2023 	 14:08:53	TokenExpiredError	jwt expired	GET	/cart/cart-history	http://localhost:3000
09-03-2023 	 14:08:53	TokenExpiredError	jwt expired	GET	/cart/cart-history	http://localhost:3000
08-03-2023 	 15:26:38	TypeError	Cannot read properties of null (reading 'price')	POST	/order/payment/verify	http://localhost:3000
08-03-2023 	 15:18:35	TypeError	Cannot read properties of undefined (reading 'products')	POST	/order/payment/verify	http://localhost:3000
08-03-2023 	 15:17:07	TypeError	Cannot read properties of undefined (reading 'products')	POST	/order/payment/verify	http://localhost:3000
08-03-2023 	 15:13:16	TypeError	Cannot read properties of undefined (reading 'products')	POST	/order/payment/verify	http://localhost:3000
08-03-2023 	 11:53:42	TypeError	Cannot read properties of null (reading 'products')	POST	/order/payment/verify	http://localhost:3000
08-03-2023 	 11:51:53	TokenExpiredError	jwt expired	POST	/order/payment/verify	http://localhost:3000
08-03-2023 	 11:51:24	TokenExpiredError	jwt expired	GET	/cart/cart-history	http://localhost:3000
